<?xml version="1.0" encoding="utf-8" standalone="no"?>
<!--This file represents the results of running a test suite-->
<test-results name="D:\DropBox\study\リファクタリング\SampleCode\RentalMovie_2013\UnitTestProjectRentalMovie\UnitTestProjectRentalMovie.csproj" total="7" errors="0" failures="0" not-run="0" inconclusive="0" ignored="0" skipped="0" invalid="0" date="2013-10-28" time="04:40:27">
  <environment nunit-version="2.6.2.12296" clr-version="2.0.50727.7905" os-version="Microsoft Windows NT 6.2.9200.0" platform="Win32NT" cwd="D:\DropBox\study\リファクタリング\SampleCode\RentalMovie_2013\UnitTestProjectRentalMovie\bin\Debug" machine-name="USER-PC" user="user" user-domain="USER-PC" />
  <culture-info current-culture="ja-JP" current-uiculture="ja-JP" />
  <test-suite type="Project" name="D:\DropBox\study\リファクタリング\SampleCode\RentalMovie_2013\UnitTestProjectRentalMovie\UnitTestProjectRentalMovie.csproj" executed="True" result="Success" success="True" time="0.117" asserts="0">
    <results>
      <test-suite type="Assembly" name="D:\DropBox\study\リファクタリング\SampleCode\RentalMovie_2013\UnitTestProjectRentalMovie\bin\Debug\UnitTestProjectRentalMovie.dll" executed="True" result="Success" success="True" time="0.100" asserts="0">
        <results>
          <test-suite type="Namespace" name="TestRentalMovie" executed="True" result="Success" success="True" time="0.100" asserts="0">
            <results>
              <test-suite type="TestFixture" name="TestClass" executed="True" result="Success" success="True" time="0.093" asserts="0">
                <results>
                  <test-suite type="ParameterizedTest" name="TestgetCharge" executed="True" result="Success" success="True" time="0.075" asserts="0">
                    <results>
                      <test-case name="TestRentalMovie.TestClass.TestgetCharge(1,1,3.0d)" executed="True" result="Success" success="True" time="0.045" asserts="1" />
                      <test-case name="TestRentalMovie.TestClass.TestgetCharge(3,0,3.5d)" executed="True" result="Success" success="True" time="0.000" asserts="1" />
                      <test-case name="TestRentalMovie.TestClass.TestgetCharge(1,0,2.0d)" executed="True" result="Success" success="True" time="0.000" asserts="1" />
                      <test-case name="TestRentalMovie.TestClass.TestgetCharge(4,2,3.0d)" executed="True" result="Success" success="True" time="0.001" asserts="1" />
                      <test-case name="TestRentalMovie.TestClass.TestgetCharge(3,1,9.0d)" executed="True" result="Success" success="True" time="0.000" asserts="1" />
                      <test-case name="TestRentalMovie.TestClass.TestgetCharge(1,2,1.5d)" executed="True" result="Success" success="True" time="0.000" asserts="1" />
                    </results>
                  </test-suite>
                  <test-case name="TestRentalMovie.TestClass.Teststatement" executed="True" result="Success" success="True" time="0.005" asserts="1" />
                </results>
              </test-suite>
            </results>
          </test-suite>
        </results>
      </test-suite>
    </results>
  </test-suite>
</test-results>